<?xml version="1.0" encoding="UTF-8"?>
<!-- Generated by org.testng.reporters.JUnitReportReporter -->
<testsuite hostname="LHQ2324" name="dd_tests.loginTest" tests="1" failures="0" timestamp="22 Jun 2012 07:49:11 GMT" time="14.466" errors="0">
  <testcase name="doLogin" time="14.466" classname="dd_tests.loginTest"/>
</testsuite>
